<?xml version="1.0" encoding="UTF-8"?>
<!-- Generated by org.testng.reporters.JUnitReportReporter -->
<testsuite hostname="DESKTOP-FUGQNF4" failures="0" tests="1" name="JavaApi.SumValidation" time="1.257" errors="0" timestamp="2023-02-16T13:34:38 IST" skipped="0">
  <testcase classname="JavaApi.SumValidation" name="sumOfCourses" time="1.257"/>
  <system-out/>
</testsuite> <!-- JavaApi.SumValidation -->
